2021-01-25 10:22:45,022 DEBUG    root            Loaded Command Group: ['gcloud', 'compute']
2021-01-25 10:22:45,032 DEBUG    root            Loaded Command Group: ['gcloud', 'compute', 'machine_types']
2021-01-25 10:22:45,047 DEBUG    root            Loaded Command Group: ['gcloud', 'compute', 'machine-types', 'describe']
2021-01-25 10:22:45,050 DEBUG    root            Running [gcloud.compute.machine-types.describe] with arguments: [--zone: "projects/190502872379/zones/europe-west2-a", NAME: "n1-standard-4"]
2021-01-25 10:22:45,076 DEBUG    google.auth.transport.requests Making request: GET http://metadata.google.internal/computeMetadata/v1/instance/service-accounts/190502872379-compute@developer.gserviceaccount.com/?recursive=true
2021-01-25 10:22:45,078 DEBUG    urllib3.connectionpool Starting new HTTP connection (1): metadata.google.internal:80
2021-01-25 10:22:45,082 DEBUG    urllib3.connectionpool http://metadata.google.internal:80 "GET /computeMetadata/v1/instance/service-accounts/190502872379-compute@developer.gserviceaccount.com/?recursive=true HTTP/1.1" 200 155
2021-01-25 10:22:45,083 DEBUG    google.auth.transport.requests Making request: GET http://metadata.google.internal/computeMetadata/v1/instance/service-accounts/190502872379-compute@developer.gserviceaccount.com/token
2021-01-25 10:22:45,134 DEBUG    urllib3.connectionpool http://metadata.google.internal:80 "GET /computeMetadata/v1/instance/service-accounts/190502872379-compute@developer.gserviceaccount.com/token HTTP/1.1" 200 249
2021-01-25 10:22:45,182 DEBUG    google.auth.transport.requests Making request: GET http://metadata.google.internal/computeMetadata/v1/instance/service-accounts/190502872379-compute@developer.gserviceaccount.com/?recursive=true
2021-01-25 10:22:45,184 DEBUG    urllib3.connectionpool Starting new HTTP connection (1): metadata.google.internal:80
2021-01-25 10:22:45,186 DEBUG    urllib3.connectionpool http://metadata.google.internal:80 "GET /computeMetadata/v1/instance/service-accounts/190502872379-compute@developer.gserviceaccount.com/?recursive=true HTTP/1.1" 200 155
2021-01-25 10:22:45,187 DEBUG    google.auth.transport.requests Making request: GET http://metadata.google.internal/computeMetadata/v1/instance/service-accounts/190502872379-compute@developer.gserviceaccount.com/token
2021-01-25 10:22:45,190 DEBUG    urllib3.connectionpool http://metadata.google.internal:80 "GET /computeMetadata/v1/instance/service-accounts/190502872379-compute@developer.gserviceaccount.com/token HTTP/1.1" 200 249
2021-01-25 10:22:45,668 INFO     root            Display format: "default"
2021-01-25 10:22:45,733 INFO     ___FILE_ONLY___ creationTimestamp
2021-01-25 10:22:45,733 INFO     ___FILE_ONLY___ :
2021-01-25 10:22:45,733 INFO     ___FILE_ONLY___  '
2021-01-25 10:22:45,733 INFO     ___FILE_ONLY___ 1969-12-31T16:00:00.000-08:00
2021-01-25 10:22:45,733 INFO     ___FILE_ONLY___ '
2021-01-25 10:22:45,733 INFO     ___FILE_ONLY___ 

2021-01-25 10:22:45,733 INFO     ___FILE_ONLY___ description
2021-01-25 10:22:45,733 INFO     ___FILE_ONLY___ :
2021-01-25 10:22:45,734 INFO     ___FILE_ONLY___  
2021-01-25 10:22:45,734 INFO     ___FILE_ONLY___ 4
2021-01-25 10:22:45,734 INFO     ___FILE_ONLY___  
2021-01-25 10:22:45,734 INFO     ___FILE_ONLY___ vCPUs,
2021-01-25 10:22:45,734 INFO     ___FILE_ONLY___  
2021-01-25 10:22:45,734 INFO     ___FILE_ONLY___ 15
2021-01-25 10:22:45,734 INFO     ___FILE_ONLY___  
2021-01-25 10:22:45,734 INFO     ___FILE_ONLY___ GB
2021-01-25 10:22:45,734 INFO     ___FILE_ONLY___  
2021-01-25 10:22:45,734 INFO     ___FILE_ONLY___ RAM
2021-01-25 10:22:45,734 INFO     ___FILE_ONLY___ 

2021-01-25 10:22:45,734 INFO     ___FILE_ONLY___ guestCpus
2021-01-25 10:22:45,734 INFO     ___FILE_ONLY___ :
2021-01-25 10:22:45,734 INFO     ___FILE_ONLY___  
2021-01-25 10:22:45,734 INFO     ___FILE_ONLY___ 4
2021-01-25 10:22:45,735 INFO     ___FILE_ONLY___ 

2021-01-25 10:22:45,735 INFO     ___FILE_ONLY___ id
2021-01-25 10:22:45,735 INFO     ___FILE_ONLY___ :
2021-01-25 10:22:45,735 INFO     ___FILE_ONLY___  '
2021-01-25 10:22:45,735 INFO     ___FILE_ONLY___ 3004
2021-01-25 10:22:45,735 INFO     ___FILE_ONLY___ '
2021-01-25 10:22:45,735 INFO     ___FILE_ONLY___ 

2021-01-25 10:22:45,735 INFO     ___FILE_ONLY___ imageSpaceGb
2021-01-25 10:22:45,735 INFO     ___FILE_ONLY___ :
2021-01-25 10:22:45,735 INFO     ___FILE_ONLY___  
2021-01-25 10:22:45,735 INFO     ___FILE_ONLY___ 10
2021-01-25 10:22:45,736 INFO     ___FILE_ONLY___ 

2021-01-25 10:22:45,736 INFO     ___FILE_ONLY___ isSharedCpu
2021-01-25 10:22:45,736 INFO     ___FILE_ONLY___ :
2021-01-25 10:22:45,736 INFO     ___FILE_ONLY___  
2021-01-25 10:22:45,736 INFO     ___FILE_ONLY___ false
2021-01-25 10:22:45,736 INFO     ___FILE_ONLY___ 

2021-01-25 10:22:45,736 INFO     ___FILE_ONLY___ kind
2021-01-25 10:22:45,736 INFO     ___FILE_ONLY___ :
2021-01-25 10:22:45,736 INFO     ___FILE_ONLY___  
2021-01-25 10:22:45,736 INFO     ___FILE_ONLY___ compute#machineType
2021-01-25 10:22:45,737 INFO     ___FILE_ONLY___ 

2021-01-25 10:22:45,737 INFO     ___FILE_ONLY___ maximumPersistentDisks
2021-01-25 10:22:45,737 INFO     ___FILE_ONLY___ :
2021-01-25 10:22:45,737 INFO     ___FILE_ONLY___  
2021-01-25 10:22:45,737 INFO     ___FILE_ONLY___ 128
2021-01-25 10:22:45,737 INFO     ___FILE_ONLY___ 

2021-01-25 10:22:45,737 INFO     ___FILE_ONLY___ maximumPersistentDisksSizeGb
2021-01-25 10:22:45,737 INFO     ___FILE_ONLY___ :
2021-01-25 10:22:45,737 INFO     ___FILE_ONLY___  '
2021-01-25 10:22:45,737 INFO     ___FILE_ONLY___ 263168
2021-01-25 10:22:45,737 INFO     ___FILE_ONLY___ '
2021-01-25 10:22:45,738 INFO     ___FILE_ONLY___ 

2021-01-25 10:22:45,738 INFO     ___FILE_ONLY___ memoryMb
2021-01-25 10:22:45,738 INFO     ___FILE_ONLY___ :
2021-01-25 10:22:45,738 INFO     ___FILE_ONLY___  
2021-01-25 10:22:45,738 INFO     ___FILE_ONLY___ 15360
2021-01-25 10:22:45,738 INFO     ___FILE_ONLY___ 

2021-01-25 10:22:45,738 INFO     ___FILE_ONLY___ name
2021-01-25 10:22:45,738 INFO     ___FILE_ONLY___ :
2021-01-25 10:22:45,738 INFO     ___FILE_ONLY___  
2021-01-25 10:22:45,739 INFO     ___FILE_ONLY___ n1-standard-4
2021-01-25 10:22:45,739 INFO     ___FILE_ONLY___ 

2021-01-25 10:22:45,739 INFO     ___FILE_ONLY___ selfLink
2021-01-25 10:22:45,739 INFO     ___FILE_ONLY___ :
2021-01-25 10:22:45,739 INFO     ___FILE_ONLY___  
2021-01-25 10:22:45,739 INFO     ___FILE_ONLY___ https://www.googleapis.com/compute/v1/projects/development-302415/zones/europe-west2-a/machineTypes/n1-standard-4
2021-01-25 10:22:45,739 INFO     ___FILE_ONLY___ 

2021-01-25 10:22:45,739 INFO     ___FILE_ONLY___ zone
2021-01-25 10:22:45,739 INFO     ___FILE_ONLY___ :
2021-01-25 10:22:45,739 INFO     ___FILE_ONLY___  
2021-01-25 10:22:45,739 INFO     ___FILE_ONLY___ europe-west2-a
2021-01-25 10:22:45,740 INFO     ___FILE_ONLY___ 

2021-01-25 10:22:45,740 DEBUG    root            SDK update checks are disabled.
